<?xml version="1.0" encoding="UTF-8"?>
<!-- Generated by org.testng.reporters.JUnitReportReporter -->
<testsuite hostname="DESKTOP-7QS3V8B" failures="0" tests="3" name="com.global.qa.testcases.LoginPageTest" time="28.787" errors="0" timestamp="2021-11-04T16:55:56 PKT" skipped="0">
  <testcase classname="com.global.qa.testcases.LoginPageTest" name="loginPageTitleTest" time="6.806"/>
  <system-out/>
  <testcase classname="com.global.qa.testcases.LoginPageTest" name="crmLogoImageTest" time="11.404"/>
  <system-out/>
  <testcase classname="com.global.qa.testcases.LoginPageTest" name="loginTest" time="10.577"/>
  <system-out/>
</testsuite> <!-- com.global.qa.testcases.LoginPageTest -->
